# JRE version: OpenJDK Runtime Environment (8.0_112-b06) (build 1.8.0_112-release-b06)
# Java VM: OpenJDK 64-Bit Server VM (25.112-b06 mixed mode windows-amd64 compressed oops)
Heap:
 PSYoungGen      total 217088K, used 28716K [0x00000000e0000000, 0x00000000eec00000, 0x0000000100000000)
  eden space 197632K, 11% used [0x00000000e0000000,0x00000000e16d1790,0x00000000ec100000)
  from space 19456K, 27% used [0x00000000ed900000,0x00000000ede39ad0,0x00000000eec00000)
  to   space 22016K, 0% used [0x00000000ec100000,0x00000000ec100000,0x00000000ed680000)
 ParOldGen       total 116224K, used 93338K [0x00000000a0000000, 0x00000000a7180000, 0x00000000e0000000)
  object space 116224K, 80% used [0x00000000a0000000,0x00000000a5b26948,0x00000000a7180000)
 Metaspace       used 70401K, capacity 73700K, committed 73856K, reserved 1114112K
  class space    used 9169K, capacity 9839K, committed 9856K, reserved 1048576K
GC Heap History (10 events):
Event: 438.559 GC heap before
{Heap before GC invocations=47 (full 5):
 PSYoungGen      total 147456K, used 125381K [0x00000000e0000000, 0x00000000eb780000, 0x0000000100000000)
  eden space 121856K, 99% used [0x00000000e0000000,0x00000000e76ad670,0x00000000e7700000)
  from space 25600K, 15% used [0x00000000e7700000,0x00000000e7ac3ef8,0x00000000e9000000)
  to   space 25088K, 0% used [0x00000000e9f00000,0x00000000e9f00000,0x00000000eb780000)
 ParOldGen       total 116224K, used 90389K [0x00000000a0000000, 0x00000000a7180000, 0x00000000e0000000)
  object space 116224K, 77% used [0x00000000a0000000,0x00000000a5845698,0x00000000a7180000)
 Metaspace       used 66847K, capacity 69650K, committed 69888K, reserved 1110016K
  class space    used 8788K, capacity 9370K, committed 9472K, reserved 1048576K
Event: 438.564 GC heap after
Heap after GC invocations=47 (full 5):
 PSYoungGen      total 162816K, used 96K [0x00000000e0000000, 0x00000000ebf00000, 0x0000000100000000)
  eden space 137728K, 0% used [0x00000000e0000000,0x00000000e0000000,0x00000000e8680000)
  from space 25088K, 0% used [0x00000000e9f00000,0x00000000e9f18000,0x00000000eb780000)
  to   space 25088K, 0% used [0x00000000e8680000,0x00000000e8680000,0x00000000e9f00000)
 ParOldGen       total 116224K, used 93080K [0x00000000a0000000, 0x00000000a7180000, 0x00000000e0000000)
  object space 116224K, 80% used [0x00000000a0000000,0x00000000a5ae6150,0x00000000a7180000)
 Metaspace       used 66847K, capacity 69650K, committed 69888K, reserved 1110016K
  class space    used 8788K, capacity 9370K, committed 9472K, reserved 1048576K
}
Event: 438.585 GC heap before
{Heap before GC invocations=48 (full 5):
 PSYoungGen      total 162816K, used 137171K [0x00000000e0000000, 0x00000000ebf00000, 0x0000000100000000)
  eden space 137728K, 99% used [0x00000000e0000000,0x00000000e85dcd98,0x00000000e8680000)
  from space 25088K, 0% used [0x00000000e9f00000,0x00000000e9f18000,0x00000000eb780000)
  to   space 25088K, 0% used [0x00000000e8680000,0x00000000e8680000,0x00000000e9f00000)
 ParOldGen       total 116224K, used 93080K [0x00000000a0000000, 0x00000000a7180000, 0x00000000e0000000)
  object space 116224K, 80% used [0x00000000a0000000,0x00000000a5ae6150,0x00000000a7180000)
 Metaspace       used 66848K, capacity 69650K, committed 69888K, reserved 1110016K
  class space    used 8788K, capacity 9370K, committed 9472K, reserved 1048576K
Event: 438.588 GC heap after
Heap after GC invocations=48 (full 5):
 PSYoungGen      total 162816K, used 64K [0x00000000e0000000, 0x00000000ed180000, 0x0000000100000000)
  eden space 137728K, 0% used [0x00000000e0000000,0x00000000e0000000,0x00000000e8680000)
  from space 25088K, 0% used [0x00000000e8680000,0x00000000e8690000,0x00000000e9f00000)
  to   space 24576K, 0% used [0x00000000eb980000,0x00000000eb980000,0x00000000ed180000)
 ParOldGen       total 116224K, used 93096K [0x00000000a0000000, 0x00000000a7180000, 0x00000000e0000000)
  object space 116224K, 80% used [0x00000000a0000000,0x00000000a5aea150,0x00000000a7180000)
 Metaspace       used 66848K, capacity 69650K, committed 69888K, reserved 1110016K
  class space    used 8788K, capacity 9370K, committed 9472K, reserved 1048576K
}
Event: 438.615 GC heap before
{Heap before GC invocations=49 (full 5):
 PSYoungGen      total 162816K, used 137735K [0x00000000e0000000, 0x00000000ed180000, 0x0000000100000000)
  eden space 137728K, 99% used [0x00000000e0000000,0x00000000e8671e08,0x00000000e8680000)
  from space 25088K, 0% used [0x00000000e8680000,0x00000000e8690000,0x00000000e9f00000)
  to   space 24576K, 0% used [0x00000000eb980000,0x00000000eb980000,0x00000000ed180000)
 ParOldGen       total 116224K, used 93096K [0x00000000a0000000, 0x00000000a7180000, 0x00000000e0000000)
  object space 116224K, 80% used [0x00000000a0000000,0x00000000a5aea150,0x00000000a7180000)
 Metaspace       used 66853K, capacity 69650K, committed 69888K, reserved 1110016K
  class space    used 8788K, capacity 9370K, committed 9472K, reserved 1048576K
Event: 438.618 GC heap after
Heap after GC invocations=49 (full 5):
 PSYoungGen      total 189952K, used 64K [0x00000000e0000000, 0x00000000ed100000, 0x0000000100000000)
  eden space 165888K, 0% used [0x00000000e0000000,0x00000000e0000000,0x00000000ea200000)
  from space 24064K, 0% used [0x00000000eb980000,0x00000000eb990000,0x00000000ed100000)
  to   space 24064K, 0% used [0x00000000ea200000,0x00000000ea200000,0x00000000eb980000)
 ParOldGen       total 116224K, used 93112K [0x00000000a0000000, 0x00000000a7180000, 0x00000000e0000000)
  object space 116224K, 80% used [0x00000000a0000000,0x00000000a5aee150,0x00000000a7180000)
 Metaspace       used 66853K, capacity 69650K, committed 69888K, reserved 1110016K
  class space    used 8788K, capacity 9370K, committed 9472K, reserved 1048576K
}
Event: 3504.338 GC heap before
{Heap before GC invocations=50 (full 5):
 PSYoungGen      total 189952K, used 165951K [0x00000000e0000000, 0x00000000ed100000, 0x0000000100000000)
  eden space 165888K, 99% used [0x00000000e0000000,0x00000000ea1fffd0,0x00000000ea200000)
  from space 24064K, 0% used [0x00000000eb980000,0x00000000eb990000,0x00000000ed100000)
  to   space 24064K, 0% used [0x00000000ea200000,0x00000000ea200000,0x00000000eb980000)
 ParOldGen       total 116224K, used 93112K [0x00000000a0000000, 0x00000000a7180000, 0x00000000e0000000)
  object space 116224K, 80% used [0x00000000a0000000,0x00000000a5aee150,0x00000000a7180000)
 Metaspace       used 67263K, capacity 70116K, committed 70400K, reserved 1110016K
  class space    used 8828K, capacity 9411K, committed 9472K, reserved 1048576K
Event: 3515.636 GC heap after
Heap after GC invocations=50 (full 5):
 PSYoungGen      total 189952K, used 589K [0x00000000e0000000, 0x00000000ef000000, 0x0000000100000000)
  eden space 165888K, 0% used [0x00000000e0000000,0x00000000e0000000,0x00000000ea200000)
  from space 24064K, 2% used [0x00000000ea200000,0x00000000ea293790,0x00000000eb980000)
  to   space 23552K, 0% used [0x00000000ed900000,0x00000000ed900000,0x00000000ef000000)
 ParOldGen       total 116224K, used 93144K [0x00000000a0000000, 0x00000000a7180000, 0x00000000e0000000)
  object space 116224K, 80% used [0x00000000a0000000,0x00000000a5af6150,0x00000000a7180000)
 Metaspace       used 67263K, capacity 70116K, committed 70400K, reserved 1110016K
  class space    used 8828K, capacity 9411K, committed 9472K, reserved 1048576K
}
Event: 5446.111 GC heap before
{Heap before GC invocations=51 (full 5):
 PSYoungGen      total 189952K, used 166477K [0x00000000e0000000, 0x00000000ef000000, 0x0000000100000000)
  eden space 165888K, 100% used [0x00000000e0000000,0x00000000ea200000,0x00000000ea200000)
  from space 24064K, 2% used [0x00000000ea200000,0x00000000ea293790,0x00000000eb980000)
  to   space 23552K, 0% used [0x00000000ed900000,0x00000000ed900000,0x00000000ef000000)
 ParOldGen       total 116224K, used 93144K [0x00000000a0000000, 0x00000000a7180000, 0x00000000e0000000)
  object space 116224K, 80% used [0x00000000a0000000,0x00000000a5af6150,0x00000000a7180000)
 Metaspace       used 70384K, capacity 73700K, committed 73856K, reserved 1114112K
  class space    used 9169K, capacity 9839K, committed 9856K, reserved 1048576K
Event: 5457.521 GC heap after
Heap after GC invocations=51 (full 5):
 PSYoungGen      total 217088K, used 5350K [0x00000000e0000000, 0x00000000eec00000, 0x0000000100000000)
  eden space 197632K, 0% used [0x00000000e0000000,0x00000000e0000000,0x00000000ec100000)
  from space 19456K, 27% used [0x00000000ed900000,0x00000000ede39ad0,0x00000000eec00000)
  to   space 22016K, 0% used [0x00000000ec100000,0x00000000ec100000,0x00000000ed680000)
 ParOldGen       total 116224K, used 93338K [0x00000000a0000000, 0x00000000a7180000, 0x00000000e0000000)
  object space 116224K, 80% used [0x00000000a0000000,0x00000000a5b26948,0x00000000a7180000)
 Metaspace       used 70384K, capacity 73700K, committed 73856K, reserved 1114112K
  class space    used 9169K, capacity 9839K, committed 9856K, reserved 1048576K
}

